2018-07-05 16:59:04 +0000 [MT] Initial pipeline context: <IDEDistributionProcessingPipelineContext: 0x7fa15971a420; archive(resolved)='<IDEArchive: 0x7fa1594e9990>', distributionTask(resolved)='2', distributionMethod(resolved)='<IDEDistributionMethodDevelopmentSigned: 0x7fa156c557f0>', team(resolved)='<IDEProvisioningBasicTeam 0x7fa1596f3310: teamID: 75EC2AN39L, teamName: Marta Torre>'>
	Chain (11, self inclusive):
	<IDEDistributionProcessingPipelineContext: 0x7fa15971a420; archive = '<IDEArchive: 0x7fa1594e9990>', distributionMethod='<IDEDistributionMethodDevelopmentSigned: 0x7fa156c557f0>', team='<IDEProvisioningBasicTeam 0x7fa1596f3310: teamID: 75EC2AN39L, teamName: Marta Torre>'>
	<IDEDistributionProcessingPipelineContext: 0x7fa159714260; archive = '<IDEArchive: 0x7fa1594e9990>', distributionMethod='<IDEDistributionMethodDevelopmentSigned: 0x7fa156c557f0>', team='<IDEProvisioningBasicTeam 0x7fa1596f3310: teamID: 75EC2AN39L, teamName: Marta Torre>'>
	<IDEDistributionContext: 0x7fa159714120; archive = '<IDEArchive: 0x7fa1594e9990>', distributionMethod='<IDEDistributionMethodDevelopmentSigned: 0x7fa156c557f0>', team='<IDEProvisioningBasicTeam 0x7fa1596f3310: teamID: 75EC2AN39L, teamName: Marta Torre>'>
	<IDEDistributionContext: 0x7fa156cf89c0; archive = '<IDEArchive: 0x7fa1594e9990>', distributionMethod='<IDEDistributionMethodDevelopmentSigned: 0x7fa156c557f0>', team='<IDEProvisioningBasicTeam 0x7fa1596f3310: teamID: 75EC2AN39L, teamName: Marta Torre>'>
	<IDEDistributionContext: 0x7fa159706010; archive = '<IDEArchive: 0x7fa1594e9990>', distributionMethod='<IDEDistributionMethodDevelopmentSigned: 0x7fa156c557f0>', team='<IDEProvisioningBasicTeam 0x7fa1596f3310: teamID: 75EC2AN39L, teamName: Marta Torre>'>
	<IDEDistributionContext: 0x7fa156cfb590; archive = '<IDEArchive: 0x7fa1594e9990>', distributionMethod='<IDEDistributionMethodDevelopmentSigned: 0x7fa156c557f0>', team='<IDEProvisioningBasicTeam 0x7fa1596f3310: teamID: 75EC2AN39L, teamName: Marta Torre>'>
	<IDEDistributionContext: 0x7fa156ef99d0; archive = '<IDEArchive: 0x7fa1594e9990>', distributionMethod='<IDEDistributionMethodDevelopmentSigned: 0x7fa156c557f0>', team='<IDEProvisioningBasicTeam 0x7fa1596f3310: teamID: 75EC2AN39L, teamName: Marta Torre>'>
	<IDEDistributionContext: 0x7fa1596f7fb0; archive = '<IDEArchive: 0x7fa1594e9990>', distributionMethod='<IDEDistributionMethodDevelopmentSigned: 0x7fa156c557f0>', team='<IDEProvisioningBasicTeam 0x7fa1596f3310: teamID: 75EC2AN39L, teamName: Marta Torre>'>
	<IDEDistributionContext: 0x7fa1594ed390; archive = '<IDEArchive: 0x7fa1594e9990>', distributionMethod='<IDEDistributionMethodDevelopmentSigned: 0x7fa156c557f0>', team='<IDEProvisioningBasicTeam 0x7fa1596f3310: teamID: 75EC2AN39L, teamName: Marta Torre>'>
	<IDEDistributionContext: 0x7fa156ebf9e0; archive = '<IDEArchive: 0x7fa1594e9990>', distributionMethod='<IDEDistributionMethodDevelopmentSigned: 0x7fa156c557f0>', team='(null)'>
	<IDEDistributionContext: 0x7fa15959c780; archive = '<IDEArchive: 0x7fa1594e9990>', distributionMethod='(null)', team='(null)'>
</IDEDistributionProcessingPipelineContext: 0x7fa15971a420>
2018-07-05 16:59:04 +0000 [MT] Processing step: IDEDistributionCreateDestRootStep
2018-07-05 16:59:04 +0000 [MT] Processing step: IDEDistributionCopyItemStep
2018-07-05 16:59:04 +0000 [MT] Running /usr/bin/ditto '-V' '/Users/macdarwinf/Documents/workspace/Interfresas/platforms/ios/Interfresa.xcarchive/Products/Applications/Interfresa.app' '/var/folders/sf/_3nftc0d7b388s9d5zdx8drc0000gn/T/XcodeDistPipeline.SA6/Root/Payload/Interfresa.app'
2018-07-05 16:59:04 +0000  >>> Copying /Users/macdarwinf/Documents/workspace/Interfresas/platforms/ios/Interfresa.xcarchive/Products/Applications/Interfresa.app 
2018-07-05 16:59:04 +0000  copying file ./_CodeSignature/CodeResources ... 
2018-07-05 16:59:04 +0000  46406 bytes for ./_CodeSignature/CodeResources
2018-07-05 16:59:04 +0000  copying file ./AppIcon29x29.png ... 
2018-07-05 16:59:04 +0000  1464 bytes for ./AppIcon29x29.png
copying file ./AppIcon29x29@2x.png ... 
2018-07-05 16:59:04 +0000  3548 bytes for ./AppIcon29x29@2x.png
copying file ./AppIcon29x29@2x~ipad.png ... 
2018-07-05 16:59:04 +0000  3548 bytes for ./AppIcon29x29@2x~ipad.png
copying file ./AppIcon29x29@3x.png ... 
2018-07-05 16:59:04 +0000  6076 bytes for ./AppIcon29x29@3x.png
copying file ./AppIcon29x29~ipad.png ... 
2018-07-05 16:59:04 +0000  1464 bytes for ./AppIcon29x29~ipad.png
copying file ./AppIcon40x40@2x.png ... 
2018-07-05 16:59:04 +0000  5473 bytes for ./AppIcon40x40@2x.png
copying file ./AppIcon40x40@2x~ipad.png ... 
2018-07-05 16:59:04 +0000  5473 bytes for ./AppIcon40x40@2x~ipad.png
copying file ./AppIcon40x40@3x.png ... 
2018-07-05 16:59:04 +0000  9067 bytes for ./AppIcon40x40@3x.png
copying file ./AppIcon40x40~ipad.png ... 
2018-07-05 16:59:04 +0000  2201 bytes for ./AppIcon40x40~ipad.png
copying file ./AppIcon50x50@2x~ipad.png ... 
2018-07-05 16:59:04 +0000  7210 bytes for ./AppIcon50x50@2x~ipad.png
2018-07-05 16:59:04 +0000  copying file ./AppIcon50x50~ipad.png ... 
2018-07-05 16:59:04 +0000  2932 bytes for ./AppIcon50x50~ipad.png
copying file ./AppIcon57x57.png ... 
2018-07-05 16:59:04 +0000  3456 bytes for ./AppIcon57x57.png
2018-07-05 16:59:04 +0000  copying file ./AppIcon57x57@2x.png ... 
2018-07-05 16:59:04 +0000  8552 bytes for ./AppIcon57x57@2x.png
copying file ./AppIcon60x60@2x.png ... 
2018-07-05 16:59:04 +0000  9067 bytes for ./AppIcon60x60@2x.png
copying file ./AppIcon60x60@3x.png ... 
2018-07-05 16:59:04 +0000  15513 bytes for ./AppIcon60x60@3x.png
copying file ./AppIcon72x72@2x~ipad.png ... 
2018-07-05 16:59:04 +0000  11494 bytes for ./AppIcon72x72@2x~ipad.png
copying file ./AppIcon72x72~ipad.png ... 
2018-07-05 16:59:04 +0000  4794 bytes for ./AppIcon72x72~ipad.png
2018-07-05 16:59:04 +0000  copying file ./AppIcon76x76@2x~ipad.png ... 
2018-07-05 16:59:04 +0000  12247 bytes for ./AppIcon76x76@2x~ipad.png
copying file ./AppIcon76x76~ipad.png ... 
2018-07-05 16:59:04 +0000  5148 bytes for ./AppIcon76x76~ipad.png
copying file ./AppIcon83.5x83.5@2x~ipad.png ... 
2018-07-05 16:59:04 +0000  14015 bytes for ./AppIcon83.5x83.5@2x~ipad.png
copying file ./archived-expanded-entitlements.xcent ... 
2018-07-05 16:59:04 +0000  246 bytes for ./archived-expanded-entitlements.xcent
2018-07-05 16:59:04 +0000  copying file ./Assets.car ... 
2018-07-05 16:59:04 +0000  721832 bytes for ./Assets.car
2018-07-05 16:59:04 +0000  copying file ./CDVLaunchScreen.storyboardc/01J-lp-oVM-view-Ze5-6b-2t3.nib ... 
2284 bytes for ./CDVLaunchScreen.storyboardc/01J-lp-oVM-view-Ze5-6b-2t3.nib
copying file ./CDVLaunchScreen.storyboardc/Info.plist ... 
258 bytes for ./CDVLaunchScreen.storyboardc/Info.plist
copying file ./CDVLaunchScreen.storyboardc/UIViewController-01J-lp-oVM.nib ... 
832 bytes for ./CDVLaunchScreen.storyboardc/UIViewController-01J-lp-oVM.nib
copying file ./config.xml ... 
2018-07-05 16:59:04 +0000  6800 bytes for ./config.xml
2018-07-05 16:59:04 +0000  copying file ./embedded.mobileprovision ... 
2018-07-05 16:59:04 +0000  9561 bytes for ./embedded.mobileprovision
2018-07-05 16:59:04 +0000  copying file ./GoogleService-Info.plist ... 
2018-07-05 16:59:04 +0000  887 bytes for ./GoogleService-Info.plist
copying file ./Info.plist ... 
2018-07-05 16:59:04 +0000  2338 bytes for ./Info.plist
copying file ./Interfresa ... 
2018-07-05 16:59:04 +0000  3536672 bytes for ./Interfresa
copying file ./LaunchImage-568h@2x.png ... 
2018-07-05 16:59:04 +0000  24210 bytes for ./LaunchImage-568h@2x.png
copying file ./LaunchImage-700-568h@2x.png ... 
24210 bytes for ./LaunchImage-700-568h@2x.png
copying file ./LaunchImage-700-Landscape@2x~ipad.png ... 
141851 bytes for ./LaunchImage-700-Landscape@2x~ipad.png
copying file ./LaunchImage-700-Landscape~ipad.png ... 
28641 bytes for ./LaunchImage-700-Landscape~ipad.png
copying file ./LaunchImage-700-Portrait@2x~ipad.png ... 
145829 bytes for ./LaunchImage-700-Portrait@2x~ipad.png
copying file ./LaunchImage-700-Portrait~ipad.png ... 
27228 bytes for ./LaunchImage-700-Portrait~ipad.png
copying file ./LaunchImage-700@2x.png ... 
23869 bytes for ./LaunchImage-700@2x.png
copying file ./LaunchImage-800-667h@2x.png ... 
30104 bytes for ./LaunchImage-800-667h@2x.png
copying file ./LaunchImage-800-Landscape-736h@3x.png ... 
136925 bytes for ./LaunchImage-800-Landscape-736h@3x.png
copying file ./LaunchImage-800-Portrait-736h@3x.png ... 
137256 bytes for ./LaunchImage-800-Portrait-736h@3x.png
copying file ./LaunchImage-Portrait@2x~ipad.png ... 
145829 bytes for ./LaunchImage-Portrait@2x~ipad.png
copying file ./LaunchImage-Portrait~ipad.png ... 
27228 bytes for ./LaunchImage-Portrait~ipad.png
copying file ./LaunchImage.png ... 
9852 bytes for ./LaunchImage.png
copying file ./LaunchImage@2x.png ... 
23869 bytes for ./LaunchImage@2x.png
copying file ./MainViewController.nib ... 
943 bytes for ./MainViewController.nib
copying file ./PkgInfo ... 
8 bytes for ./PkgInfo
copying file ./Settings.bundle/.me.apla.apppreferences ... 
0 bytes for ./Settings.bundle/.me.apla.apppreferences
copying file ./Settings.bundle/en.lproj/Root.strings ... 
5 bytes for ./Settings.bundle/en.lproj/Root.strings
copying file ./Settings.bundle/Root.plist ... 
1405 bytes for ./Settings.bundle/Root.plist
copying file ./www/assets/css/angular-calendar.css ... 
2018-07-05 16:59:04 +0000  8522 bytes for ./www/assets/css/angular-calendar.css
copying file ./www/assets/css/font-awesome.css ... 
2018-07-05 16:59:04 +0000  37414 bytes for ./www/assets/css/font-awesome.css
copying file ./www/assets/css/font-awesome.min.css ... 
2018-07-05 16:59:04 +0000  31000 bytes for ./www/assets/css/font-awesome.min.css
2018-07-05 16:59:04 +0000  copying file ./www/assets/fonts/fontawesome-webfont.woff ... 
2018-07-05 16:59:04 +0000  98024 bytes for ./www/assets/fonts/fontawesome-webfont.woff
copying file ./www/assets/fonts/fontawesome-webfont.woff2 ... 
2018-07-05 16:59:04 +0000  77160 bytes for ./www/assets/fonts/fontawesome-webfont.woff2
copying file ./www/assets/fonts/FontAwesome.otf ... 
2018-07-05 16:59:04 +0000  134808 bytes for ./www/assets/fonts/FontAwesome.otf
copying file ./www/assets/fonts/ionicons.woff ... 
2018-07-05 16:59:04 +0000  80356 bytes for ./www/assets/fonts/ionicons.woff
copying file ./www/assets/fonts/ionicons.woff2 ... 
2018-07-05 16:59:04 +0000  61020 bytes for ./www/assets/fonts/ionicons.woff2
copying file ./www/assets/fonts/roboto-bold.woff ... 
2018-07-05 16:59:04 +0000  13348 bytes for ./www/assets/fonts/roboto-bold.woff
copying file ./www/assets/fonts/roboto-bold.woff2 ... 
2018-07-05 16:59:04 +0000  10212 bytes for ./www/assets/fonts/roboto-bold.woff2
copying file ./www/assets/fonts/roboto-light.woff ... 
2018-07-05 16:59:04 +0000  13360 bytes for ./www/assets/fonts/roboto-light.woff
copying file ./www/assets/fonts/roboto-light.woff2 ... 
2018-07-05 16:59:04 +0000  10220 bytes for ./www/assets/fonts/roboto-light.woff2
copying file ./www/assets/fonts/roboto-medium.woff ... 
2018-07-05 16:59:04 +0000  13248 bytes for ./www/assets/fonts/roboto-medium.woff
copying file ./www/assets/fonts/roboto-medium.woff2 ... 
2018-07-05 16:59:04 +0000  10192 bytes for ./www/assets/fonts/roboto-medium.woff2
copying file ./www/assets/fonts/roboto-regular.woff ... 
2018-07-05 16:59:04 +0000  13308 bytes for ./www/assets/fonts/roboto-regular.woff
copying file ./www/assets/fonts/roboto-regular.woff2 ... 
2018-07-05 16:59:04 +0000  10196 bytes for ./www/assets/fonts/roboto-regular.woff2
2018-07-05 16:59:04 +0000  copying file ./www/assets/icon/favicon.ico ... 
2018-07-05 16:59:04 +0000  1981 bytes for ./www/assets/icon/favicon.ico
2018-07-05 16:59:04 +0000  copying file ./www/assets/img/interfresa.svg ... 
2018-07-05 16:59:04 +0000  27792 bytes for ./www/assets/img/interfresa.svg
copying file ./www/assets/img/user.jpg ... 
2018-07-05 16:59:04 +0000  32361 bytes for ./www/assets/img/user.jpg
2018-07-05 16:59:04 +0000  copying file ./www/assets/skins/lightgray/content.inline.min.css ... 
2018-07-05 16:59:04 +0000  3165 bytes for ./www/assets/skins/lightgray/content.inline.min.css
copying file ./www/assets/skins/lightgray/content.min.css ... 
2018-07-05 16:59:04 +0000  3571 bytes for ./www/assets/skins/lightgray/content.min.css
2018-07-05 16:59:04 +0000  copying file ./www/assets/skins/lightgray/fonts/tinymce-small.eot ... 
2018-07-05 16:59:04 +0000  9492 bytes for ./www/assets/skins/lightgray/fonts/tinymce-small.eot
copying file ./www/assets/skins/lightgray/fonts/tinymce-small.svg ... 
2018-07-05 16:59:04 +0000  24727 bytes for ./www/assets/skins/lightgray/fonts/tinymce-small.svg
copying file ./www/assets/skins/lightgray/fonts/tinymce-small.ttf ... 
2018-07-05 16:59:04 +0000  9304 bytes for ./www/assets/skins/lightgray/fonts/tinymce-small.ttf
copying file ./www/assets/skins/lightgray/fonts/tinymce-small.woff ... 
2018-07-05 16:59:04 +0000  9380 bytes for ./www/assets/skins/lightgray/fonts/tinymce-small.woff
2018-07-05 16:59:04 +0000  copying file ./www/assets/skins/lightgray/fonts/tinymce.eot ... 
2018-07-05 16:59:04 +0000  17572 bytes for ./www/assets/skins/lightgray/fonts/tinymce.eot
copying file ./www/assets/skins/lightgray/fonts/tinymce.svg ... 
2018-07-05 16:59:04 +0000  45991 bytes for ./www/assets/skins/lightgray/fonts/tinymce.svg
copying file ./www/assets/skins/lightgray/fonts/tinymce.ttf ... 
2018-07-05 16:59:04 +0000  17408 bytes for ./www/assets/skins/lightgray/fonts/tinymce.ttf
2018-07-05 16:59:04 +0000  copying file ./www/assets/skins/lightgray/fonts/tinymce.woff ... 
2018-07-05 16:59:04 +0000  17484 bytes for ./www/assets/skins/lightgray/fonts/tinymce.woff
2018-07-05 16:59:04 +0000  copying file ./www/assets/skins/lightgray/img/anchor.gif ... 
2018-07-05 16:59:04 +0000  53 bytes for ./www/assets/skins/lightgray/img/anchor.gif
2018-07-05 16:59:04 +0000  copying file ./www/assets/skins/lightgray/img/loader.gif ... 
2018-07-05 16:59:04 +0000  2608 bytes for ./www/assets/skins/lightgray/img/loader.gif
copying file ./www/assets/skins/lightgray/img/object.gif ... 
2018-07-05 16:59:04 +0000  152 bytes for ./www/assets/skins/lightgray/img/object.gif
2018-07-05 16:59:04 +0000  copying file ./www/assets/skins/lightgray/img/trans.gif ... 
2018-07-05 16:59:04 +0000  43 bytes for ./www/assets/skins/lightgray/img/trans.gif
2018-07-05 16:59:04 +0000  copying file ./www/assets/skins/lightgray/skin.min.css ... 
2018-07-05 16:59:04 +0000  40027 bytes for ./www/assets/skins/lightgray/skin.min.css
2018-07-05 16:59:04 +0000  copying file ./www/build/0.js ... 
2018-07-05 16:59:04 +0000  4353 bytes for ./www/build/0.js
2018-07-05 16:59:04 +0000  copying file ./www/build/0.js.map ... 
2018-07-05 16:59:04 +0000  1711 bytes for ./www/build/0.js.map
copying file ./www/build/1.js ... 
2018-07-05 16:59:04 +0000  4664 bytes for ./www/build/1.js
copying file ./www/build/1.js.map ... 
2018-07-05 16:59:04 +0000  1922 bytes for ./www/build/1.js.map
copying file ./www/build/main.css ... 
2018-07-05 16:59:04 +0000  508432 bytes for ./www/build/main.css
copying file ./www/build/main.css.map ... 
2018-07-05 16:59:04 +0000  4 bytes for ./www/build/main.css.map
copying file ./www/build/main.js ... 
2018-07-05 16:59:04 +0000  244128 bytes for ./www/build/main.js
copying file ./www/build/main.js.map ... 
2018-07-05 16:59:04 +0000  213308 bytes for ./www/build/main.js.map
copying file ./www/build/polyfills.js ... 
2018-07-05 16:59:04 +0000  90403 bytes for ./www/build/polyfills.js
copying file ./www/build/sw-toolbox.js ... 
2018-07-05 16:59:04 +0000  15793 bytes for ./www/build/sw-toolbox.js
copying file ./www/build/vendor.js ... 
2018-07-05 16:59:04 +0000  6024832 bytes for ./www/build/vendor.js
copying file ./www/build/vendor.js.map ... 
2018-07-05 16:59:04 +0000  7079506 bytes for ./www/build/vendor.js.map
2018-07-05 16:59:04 +0000  copying file ./www/cordova-js-src/exec.js ... 
2018-07-05 16:59:04 +0000  8877 bytes for ./www/cordova-js-src/exec.js
copying file ./www/cordova-js-src/platform.js ... 
2018-07-05 16:59:04 +0000  943 bytes for ./www/cordova-js-src/platform.js
2018-07-05 16:59:04 +0000  copying file ./www/cordova.js ... 
2018-07-05 16:59:04 +0000  61623 bytes for ./www/cordova.js
copying file ./www/cordova_plugins.js ... 
2018-07-05 16:59:04 +0000  8775 bytes for ./www/cordova_plugins.js
2018-07-05 16:59:04 +0000  copying file ./www/index.html ... 
2018-07-05 16:59:04 +0000  2230 bytes for ./www/index.html
copying file ./www/manifest.json ... 
2018-07-05 16:59:04 +0000  266 bytes for ./www/manifest.json
2018-07-05 16:59:04 +0000  copying file ./www/plugins/cordova-plugin-app-preferences/www/apppreferences.js ... 
2018-07-05 16:59:04 +0000  11632 bytes for ./www/plugins/cordova-plugin-app-preferences/www/apppreferences.js
2018-07-05 16:59:04 +0000  copying file ./www/plugins/cordova-plugin-camera/www/Camera.js ... 
2018-07-05 16:59:04 +0000  8006 bytes for ./www/plugins/cordova-plugin-camera/www/Camera.js
copying file ./www/plugins/cordova-plugin-camera/www/CameraConstants.js ... 
2018-07-05 16:59:04 +0000  3297 bytes for ./www/plugins/cordova-plugin-camera/www/CameraConstants.js
copying file ./www/plugins/cordova-plugin-camera/www/CameraPopoverOptions.js ... 
2018-07-05 16:59:04 +0000  2297 bytes for ./www/plugins/cordova-plugin-camera/www/CameraPopoverOptions.js
2018-07-05 16:59:04 +0000  copying file ./www/plugins/cordova-plugin-camera/www/ios/CameraPopoverHandle.js ... 
2018-07-05 16:59:04 +0000  2269 bytes for ./www/plugins/cordova-plugin-camera/www/ios/CameraPopoverHandle.js
2018-07-05 16:59:04 +0000  copying file ./www/plugins/cordova-plugin-device/www/device.js ... 
2018-07-05 16:59:04 +0000  3062 bytes for ./www/plugins/cordova-plugin-device/www/device.js
2018-07-05 16:59:04 +0000  copying file ./www/plugins/cordova-plugin-fcm/www/FCMPlugin.js ... 
2018-07-05 16:59:04 +0000  1639 bytes for ./www/plugins/cordova-plugin-fcm/www/FCMPlugin.js
2018-07-05 16:59:04 +0000  copying file ./www/plugins/cordova-plugin-file/www/browser/isChrome.js ... 
2018-07-05 16:59:04 +0000  1232 bytes for ./www/plugins/cordova-plugin-file/www/browser/isChrome.js
copying file ./www/plugins/cordova-plugin-file/www/DirectoryEntry.js ... 
2018-07-05 16:59:04 +0000  4681 bytes for ./www/plugins/cordova-plugin-file/www/DirectoryEntry.js
copying file ./www/plugins/cordova-plugin-file/www/DirectoryReader.js ... 
2018-07-05 16:59:04 +0000  2724 bytes for ./www/plugins/cordova-plugin-file/www/DirectoryReader.js
copying file ./www/plugins/cordova-plugin-file/www/Entry.js ... 
2018-07-05 16:59:04 +0000  9869 bytes for ./www/plugins/cordova-plugin-file/www/Entry.js
copying file ./www/plugins/cordova-plugin-file/www/File.js ... 
2018-07-05 16:59:04 +0000  2714 bytes for ./www/plugins/cordova-plugin-file/www/File.js
copying file ./www/plugins/cordova-plugin-file/www/FileEntry.js ... 
2018-07-05 16:59:04 +0000  3423 bytes for ./www/plugins/cordova-plugin-file/www/FileEntry.js
2018-07-05 16:59:04 +0000  copying file ./www/plugins/cordova-plugin-file/www/FileError.js ... 
2018-07-05 16:59:04 +0000  1483 bytes for ./www/plugins/cordova-plugin-file/www/FileError.js
copying file ./www/plugins/cordova-plugin-file/www/FileReader.js ... 
2018-07-05 16:59:04 +0000  10523 bytes for ./www/plugins/cordova-plugin-file/www/FileReader.js
copying file ./www/plugins/cordova-plugin-file/www/FileSystem.js ... 
2018-07-05 16:59:04 +0000  1960 bytes for ./www/plugins/cordova-plugin-file/www/FileSystem.js
copying file ./www/plugins/cordova-plugin-file/www/fileSystemPaths.js ... 
2018-07-05 16:59:04 +0000  2548 bytes for ./www/plugins/cordova-plugin-file/www/fileSystemPaths.js
2018-07-05 16:59:04 +0000  copying file ./www/plugins/cordova-plugin-file/www/fileSystems-roots.js ... 
2018-07-05 16:59:04 +0000  1598 bytes for ./www/plugins/cordova-plugin-file/www/fileSystems-roots.js
copying file ./www/plugins/cordova-plugin-file/www/fileSystems.js ... 
2018-07-05 16:59:04 +0000  1047 bytes for ./www/plugins/cordova-plugin-file/www/fileSystems.js
2018-07-05 16:59:04 +0000  copying file ./www/plugins/cordova-plugin-file/www/FileUploadOptions.js ... 
2018-07-05 16:59:04 +0000  1831 bytes for ./www/plugins/cordova-plugin-file/www/FileUploadOptions.js
2018-07-05 16:59:04 +0000  copying file ./www/plugins/cordova-plugin-file/www/FileUploadResult.js ... 
2018-07-05 16:59:04 +0000  1111 bytes for ./www/plugins/cordova-plugin-file/www/FileUploadResult.js
copying file ./www/plugins/cordova-plugin-file/www/FileWriter.js ... 
2018-07-05 16:59:04 +0000  10544 bytes for ./www/plugins/cordova-plugin-file/www/FileWriter.js
copying file ./www/plugins/cordova-plugin-file/www/Flags.js ... 
2018-07-05 16:59:04 +0000  1336 bytes for ./www/plugins/cordova-plugin-file/www/Flags.js
2018-07-05 16:59:04 +0000  copying file ./www/plugins/cordova-plugin-file/www/ios/FileSystem.js ... 
2018-07-05 16:59:04 +0000  1222 bytes for ./www/plugins/cordova-plugin-file/www/ios/FileSystem.js
2018-07-05 16:59:04 +0000  copying file ./www/plugins/cordova-plugin-file/www/LocalFileSystem.js ... 
2018-07-05 16:59:04 +0000  957 bytes for ./www/plugins/cordova-plugin-file/www/LocalFileSystem.js
2018-07-05 16:59:04 +0000  copying file ./www/plugins/cordova-plugin-file/www/Metadata.js ... 
2018-07-05 16:59:04 +0000  1488 bytes for ./www/plugins/cordova-plugin-file/www/Metadata.js
copying file ./www/plugins/cordova-plugin-file/www/ProgressEvent.js ... 
2018-07-05 16:59:04 +0000  2544 bytes for ./www/plugins/cordova-plugin-file/www/ProgressEvent.js
copying file ./www/plugins/cordova-plugin-file/www/requestFileSystem.js ... 
2018-07-05 16:59:04 +0000  3244 bytes for ./www/plugins/cordova-plugin-file/www/requestFileSystem.js
2018-07-05 16:59:04 +0000  copying file ./www/plugins/cordova-plugin-file/www/resolveLocalFileSystemURI.js ... 
2018-07-05 16:59:04 +0000  4325 bytes for ./www/plugins/cordova-plugin-file/www/resolveLocalFileSystemURI.js
2018-07-05 16:59:04 +0000  copying file ./www/plugins/cordova-plugin-file-transfer/www/FileTransfer.js ... 
2018-07-05 16:59:04 +0000  8568 bytes for ./www/plugins/cordova-plugin-file-transfer/www/FileTransfer.js
2018-07-05 16:59:04 +0000  copying file ./www/plugins/cordova-plugin-file-transfer/www/FileTransferError.js ... 
2018-07-05 16:59:04 +0000  1488 bytes for ./www/plugins/cordova-plugin-file-transfer/www/FileTransferError.js
2018-07-05 16:59:04 +0000  copying file ./www/plugins/cordova-plugin-splashscreen/www/splashscreen.js ... 
2018-07-05 16:59:04 +0000  1173 bytes for ./www/plugins/cordova-plugin-splashscreen/www/splashscreen.js
2018-07-05 16:59:04 +0000  copying file ./www/plugins/cordova-plugin-statusbar/www/statusbar.js ... 
2018-07-05 16:59:04 +0000  3376 bytes for ./www/plugins/cordova-plugin-statusbar/www/statusbar.js
2018-07-05 16:59:04 +0000  copying file ./www/plugins/ionic-plugin-keyboard/www/ios/keyboard.js ... 
2018-07-05 16:59:04 +0000  1108 bytes for ./www/plugins/ionic-plugin-keyboard/www/ios/keyboard.js
2018-07-05 16:59:04 +0000  copying file ./www/service-worker.js ... 
2018-07-05 16:59:04 +0000  740 bytes for ./www/service-worker.js
2018-07-05 16:59:04 +0000  copying file ./www/task/AppPreferences.js ... 
2018-07-05 16:59:04 +0000  2438 bytes for ./www/task/AppPreferences.js
2018-07-05 16:59:04 +0000 [MT] /usr/bin/ditto exited with 0
2018-07-05 16:59:04 +0000 [MT] Processing step: IDEDistributionEmbedProfileStep
2018-07-05 16:59:04 +0000 [MT] Processing step: IDEDistributionAppThinningPlistStep
2018-07-05 16:59:04 +0000 [MT] Skipping step: IDEDistributionAppThinningPlistStep because it said so
2018-07-05 16:59:04 +0000 [MT] Processing step: IDEDistributionCompileBitcodeStep
2018-07-05 16:59:04 +0000 [MT] Skipping step: IDEDistributionCompileBitcodeStep because it said so
2018-07-05 16:59:04 +0000 [MT] Processing step: IDEDistributionCodeSlimmingStep
2018-07-05 16:59:04 +0000 [MT] Processing step: IDEDistributionCopyBCSymbolMapsStep
2018-07-05 16:59:04 +0000 [MT] Skipping step: IDEDistributionCopyBCSymbolMapsStep because it said so
2018-07-05 16:59:04 +0000 [MT] Processing step: IDEDistributionSymbolsStep
2018-07-05 16:59:04 +0000 [MT] Skipping step: IDEDistributionSymbolsStep because it said so
2018-07-05 16:59:04 +0000 [MT] Processing step: IDEDistributionAppThinningStep
2018-07-05 16:59:04 +0000 [MT] Skipping step: IDEDistributionAppThinningStep because it said so
2018-07-05 16:59:04 +0000 [MT] Processing step: IDEDistributionODRStep
2018-07-05 16:59:04 +0000 [MT] Processing step: IDEDistributionStripXattrsStep
2018-07-05 16:59:04 +0000 [MT] Running /usr/bin/xattr '-crs' '/var/folders/sf/_3nftc0d7b388s9d5zdx8drc0000gn/T/XcodeDistPipeline.SA6/Root/Payload/Interfresa.app'
2018-07-05 16:59:05 +0000 [MT] /usr/bin/xattr exited with 0
2018-07-05 16:59:05 +0000 [MT] Processing step: IDEDistributionCodesignStep
2018-07-05 16:59:05 +0000 [MT] Applying entitlements delta for <IDEDistributionItem: 0x7fa1596f77b0 'com.ondesarrollo.interfresa' '<DVTFilePath:0x7fa1594ec500:'/Users/macdarwinf/Documents/workspace/Interfresas/platforms/ios/Interfresa.xcarchive/Products/Applications/Interfresa.app'>'> from <IDEiCloudEntitlementsProcessor: 0x7fa1596ecef0>: {
}
2018-07-05 16:59:05 +0000 [MT] Entitlements for <IDEDistributionItem: 0x7fa1596f77b0 'com.ondesarrollo.interfresa' '<DVTFilePath:0x7fa1594ec500:'/Users/macdarwinf/Documents/workspace/Interfresas/platforms/ios/Interfresa.xcarchive/Products/Applications/Interfresa.app'>'>: {
    "application-identifier" = "75EC2AN39L.com.ondesarrollo.interfresa";
    "aps-environment" = development;
    "com.apple.developer.team-identifier" = 75EC2AN39L;
    "get-task-allow" = 1;
}
2018-07-05 16:59:05 +0000 [MT] Writing entitlements for <IDEDistributionItem: 0x7fa1596f77b0 'com.ondesarrollo.interfresa' '<DVTFilePath:0x7fa1594ec500:'/Users/macdarwinf/Documents/workspace/Interfresas/platforms/ios/Interfresa.xcarchive/Products/Applications/Interfresa.app'>'> to: /var/folders/sf/_3nftc0d7b388s9d5zdx8drc0000gn/T/XcodeDistPipeline.SA6/entitlementsbfN1m3
2018-07-05 16:59:05 +0000 [MT] Running /usr/bin/codesign '-vvv' '--force' '--sign' '115E6C93BD575D2EDEDFFAF0D0F82F8DAC882E5B' '--preserve-metadata=identifier,flags' '--entitlements' '/var/folders/sf/_3nftc0d7b388s9d5zdx8drc0000gn/T/XcodeDistPipeline.SA6/entitlementsbfN1m3' '/var/folders/sf/_3nftc0d7b388s9d5zdx8drc0000gn/T/XcodeDistPipeline.SA6/Root/Payload/Interfresa.app'
2018-07-05 16:59:05 +0000  /var/folders/sf/_3nftc0d7b388s9d5zdx8drc0000gn/T/XcodeDistPipeline.SA6/Root/Payload/Interfresa.app: replacing existing signature
2018-07-05 16:59:05 +0000  /var/folders/sf/_3nftc0d7b388s9d5zdx8drc0000gn/T/XcodeDistPipeline.SA6/Root/Payload/Interfresa.app: signed app bundle with Mach-O universal (armv7 arm64) [com.ondesarrollo.interfresa]
2018-07-05 16:59:05 +0000 [MT] /usr/bin/codesign exited with 0
2018-07-05 16:59:05 +0000 [MT] Processing step: IDEDistributionStreamingZipItemStep
2018-07-05 16:59:05 +0000 [MT] Skipping step: IDEDistributionStreamingZipItemStep because it said so
2018-07-05 16:59:05 +0000 [MT] Processing step: IDEDistributionCreateIPAStep
2018-07-05 16:59:05 +0000 [MT] Running /usr/bin/ditto '-V' '-c' '-k' '--norsrc' '/var/folders/sf/_3nftc0d7b388s9d5zdx8drc0000gn/T/XcodeDistPipeline.SA6/Root' '/var/folders/sf/_3nftc0d7b388s9d5zdx8drc0000gn/T/XcodeDistPipeline.SA6/Packages/Interfresa.ipa'
2018-07-05 16:59:05 +0000  >>> Copying /var/folders/sf/_3nftc0d7b388s9d5zdx8drc0000gn/T/XcodeDistPipeline.SA6/Root 
2018-07-05 16:59:05 +0000  copying file ./Payload/Interfresa.app/_CodeSignature/CodeResources ... 
2018-07-05 16:59:05 +0000  46406 bytes for ./Payload/Interfresa.app/_CodeSignature/CodeResources
2018-07-05 16:59:05 +0000  copying file ./Payload/Interfresa.app/AppIcon29x29.png ... 
2018-07-05 16:59:05 +0000  1464 bytes for ./Payload/Interfresa.app/AppIcon29x29.png
copying file ./Payload/Interfresa.app/AppIcon29x29@2x.png ... 
2018-07-05 16:59:05 +0000  3548 bytes for ./Payload/Interfresa.app/AppIcon29x29@2x.png
copying file ./Payload/Interfresa.app/AppIcon29x29@2x~ipad.png ... 
2018-07-05 16:59:05 +0000  3548 bytes for ./Payload/Interfresa.app/AppIcon29x29@2x~ipad.png
copying file ./Payload/Interfresa.app/AppIcon29x29@3x.png ... 
2018-07-05 16:59:05 +0000  6076 bytes for ./Payload/Interfresa.app/AppIcon29x29@3x.png
copying file ./Payload/Interfresa.app/AppIcon29x29~ipad.png ... 
2018-07-05 16:59:05 +0000  1464 bytes for ./Payload/Interfresa.app/AppIcon29x29~ipad.png
copying file ./Payload/Interfresa.app/AppIcon40x40@2x.png ... 
2018-07-05 16:59:05 +0000  5473 bytes for ./Payload/Interfresa.app/AppIcon40x40@2x.png
copying file ./Payload/Interfresa.app/AppIcon40x40@2x~ipad.png ... 
2018-07-05 16:59:05 +0000  5473 bytes for ./Payload/Interfresa.app/AppIcon40x40@2x~ipad.png
copying file ./Payload/Interfresa.app/AppIcon40x40@3x.png ... 
2018-07-05 16:59:05 +0000  9067 bytes for ./Payload/Interfresa.app/AppIcon40x40@3x.png
copying file ./Payload/Interfresa.app/AppIcon40x40~ipad.png ... 
2018-07-05 16:59:05 +0000  2201 bytes for ./Payload/Interfresa.app/AppIcon40x40~ipad.png
copying file ./Payload/Interfresa.app/AppIcon50x50@2x~ipad.png ... 
2018-07-05 16:59:05 +0000  7210 bytes for ./Payload/Interfresa.app/AppIcon50x50@2x~ipad.png
copying file ./Payload/Interfresa.app/AppIcon50x50~ipad.png ... 
2018-07-05 16:59:05 +0000  2932 bytes for ./Payload/Interfresa.app/AppIcon50x50~ipad.png
2018-07-05 16:59:05 +0000  copying file ./Payload/Interfresa.app/AppIcon57x57.png ... 
2018-07-05 16:59:05 +0000  3456 bytes for ./Payload/Interfresa.app/AppIcon57x57.png
copying file ./Payload/Interfresa.app/AppIcon57x57@2x.png ... 
2018-07-05 16:59:05 +0000  8552 bytes for ./Payload/Interfresa.app/AppIcon57x57@2x.png
copying file ./Payload/Interfresa.app/AppIcon60x60@2x.png ... 
2018-07-05 16:59:05 +0000  9067 bytes for ./Payload/Interfresa.app/AppIcon60x60@2x.png
copying file ./Payload/Interfresa.app/AppIcon60x60@3x.png ... 
2018-07-05 16:59:05 +0000  15513 bytes for ./Payload/Interfresa.app/AppIcon60x60@3x.png
copying file ./Payload/Interfresa.app/AppIcon72x72@2x~ipad.png ... 
2018-07-05 16:59:05 +0000  11494 bytes for ./Payload/Interfresa.app/AppIcon72x72@2x~ipad.png
copying file ./Payload/Interfresa.app/AppIcon72x72~ipad.png ... 
2018-07-05 16:59:05 +0000  4794 bytes for ./Payload/Interfresa.app/AppIcon72x72~ipad.png
copying file ./Payload/Interfresa.app/AppIcon76x76@2x~ipad.png ... 
2018-07-05 16:59:05 +0000  12247 bytes for ./Payload/Interfresa.app/AppIcon76x76@2x~ipad.png
copying file ./Payload/Interfresa.app/AppIcon76x76~ipad.png ... 
2018-07-05 16:59:05 +0000  5148 bytes for ./Payload/Interfresa.app/AppIcon76x76~ipad.png
copying file ./Payload/Interfresa.app/AppIcon83.5x83.5@2x~ipad.png ... 
2018-07-05 16:59:05 +0000  14015 bytes for ./Payload/Interfresa.app/AppIcon83.5x83.5@2x~ipad.png
copying file ./Payload/Interfresa.app/archived-expanded-entitlements.xcent ... 
2018-07-05 16:59:05 +0000  246 bytes for ./Payload/Interfresa.app/archived-expanded-entitlements.xcent
copying file ./Payload/Interfresa.app/Assets.car ... 
2018-07-05 16:59:05 +0000  721832 bytes for ./Payload/Interfresa.app/Assets.car
2018-07-05 16:59:05 +0000  copying file ./Payload/Interfresa.app/CDVLaunchScreen.storyboardc/01J-lp-oVM-view-Ze5-6b-2t3.nib ... 
2284 bytes for ./Payload/Interfresa.app/CDVLaunchScreen.storyboardc/01J-lp-oVM-view-Ze5-6b-2t3.nib
2018-07-05 16:59:05 +0000  copying file ./Payload/Interfresa.app/CDVLaunchScreen.storyboardc/Info.plist ... 
258 bytes for ./Payload/Interfresa.app/CDVLaunchScreen.storyboardc/Info.plist
copying file ./Payload/Interfresa.app/CDVLaunchScreen.storyboardc/UIViewController-01J-lp-oVM.nib ... 
2018-07-05 16:59:05 +0000  832 bytes for ./Payload/Interfresa.app/CDVLaunchScreen.storyboardc/UIViewController-01J-lp-oVM.nib
copying file ./Payload/Interfresa.app/config.xml ... 
2018-07-05 16:59:05 +0000  6800 bytes for ./Payload/Interfresa.app/config.xml
copying file ./Payload/Interfresa.app/embedded.mobileprovision ... 
2018-07-05 16:59:05 +0000  9561 bytes for ./Payload/Interfresa.app/embedded.mobileprovision
copying file ./Payload/Interfresa.app/GoogleService-Info.plist ... 
2018-07-05 16:59:05 +0000  887 bytes for ./Payload/Interfresa.app/GoogleService-Info.plist
copying file ./Payload/Interfresa.app/Info.plist ... 
2018-07-05 16:59:05 +0000  2338 bytes for ./Payload/Interfresa.app/Info.plist
copying file ./Payload/Interfresa.app/Interfresa ... 
2018-07-05 16:59:05 +0000  3536672 bytes for ./Payload/Interfresa.app/Interfresa
copying file ./Payload/Interfresa.app/LaunchImage-568h@2x.png ... 
2018-07-05 16:59:05 +0000  24210 bytes for ./Payload/Interfresa.app/LaunchImage-568h@2x.png
copying file ./Payload/Interfresa.app/LaunchImage-700-568h@2x.png ... 
2018-07-05 16:59:05 +0000  24210 bytes for ./Payload/Interfresa.app/LaunchImage-700-568h@2x.png
copying file ./Payload/Interfresa.app/LaunchImage-700-Landscape@2x~ipad.png ... 
2018-07-05 16:59:05 +0000  141851 bytes for ./Payload/Interfresa.app/LaunchImage-700-Landscape@2x~ipad.png
copying file ./Payload/Interfresa.app/LaunchImage-700-Landscape~ipad.png ... 
2018-07-05 16:59:05 +0000  28641 bytes for ./Payload/Interfresa.app/LaunchImage-700-Landscape~ipad.png
copying file ./Payload/Interfresa.app/LaunchImage-700-Portrait@2x~ipad.png ... 
2018-07-05 16:59:05 +0000  145829 bytes for ./Payload/Interfresa.app/LaunchImage-700-Portrait@2x~ipad.png
copying file ./Payload/Interfresa.app/LaunchImage-700-Portrait~ipad.png ... 
2018-07-05 16:59:05 +0000  27228 bytes for ./Payload/Interfresa.app/LaunchImage-700-Portrait~ipad.png
copying file ./Payload/Interfresa.app/LaunchImage-700@2x.png ... 
2018-07-05 16:59:05 +0000  23869 bytes for ./Payload/Interfresa.app/LaunchImage-700@2x.png
copying file ./Payload/Interfresa.app/LaunchImage-800-667h@2x.png ... 
2018-07-05 16:59:05 +0000  30104 bytes for ./Payload/Interfresa.app/LaunchImage-800-667h@2x.png
copying file ./Payload/Interfresa.app/LaunchImage-800-Landscape-736h@3x.png ... 
2018-07-05 16:59:05 +0000  136925 bytes for ./Payload/Interfresa.app/LaunchImage-800-Landscape-736h@3x.png
copying file ./Payload/Interfresa.app/LaunchImage-800-Portrait-736h@3x.png ... 
2018-07-05 16:59:05 +0000  137256 bytes for ./Payload/Interfresa.app/LaunchImage-800-Portrait-736h@3x.png
copying file ./Payload/Interfresa.app/LaunchImage-Portrait@2x~ipad.png ... 
2018-07-05 16:59:05 +0000  145829 bytes for ./Payload/Interfresa.app/LaunchImage-Portrait@2x~ipad.png
copying file ./Payload/Interfresa.app/LaunchImage-Portrait~ipad.png ... 
2018-07-05 16:59:05 +0000  27228 bytes for ./Payload/Interfresa.app/LaunchImage-Portrait~ipad.png
copying file ./Payload/Interfresa.app/LaunchImage.png ... 
2018-07-05 16:59:05 +0000  9852 bytes for ./Payload/Interfresa.app/LaunchImage.png
copying file ./Payload/Interfresa.app/LaunchImage@2x.png ... 
2018-07-05 16:59:05 +0000  23869 bytes for ./Payload/Interfresa.app/LaunchImage@2x.png
copying file ./Payload/Interfresa.app/MainViewController.nib ... 
2018-07-05 16:59:05 +0000  943 bytes for ./Payload/Interfresa.app/MainViewController.nib
copying file ./Payload/Interfresa.app/PkgInfo ... 
8 bytes for ./Payload/Interfresa.app/PkgInfo
2018-07-05 16:59:05 +0000  copying file ./Payload/Interfresa.app/Settings.bundle/.me.apla.apppreferences ... 
0 bytes for ./Payload/Interfresa.app/Settings.bundle/.me.apla.apppreferences
copying file ./Payload/Interfresa.app/Settings.bundle/en.lproj/Root.strings ... 
2018-07-05 16:59:05 +0000  5 bytes for ./Payload/Interfresa.app/Settings.bundle/en.lproj/Root.strings
copying file ./Payload/Interfresa.app/Settings.bundle/Root.plist ... 
1405 bytes for ./Payload/Interfresa.app/Settings.bundle/Root.plist
2018-07-05 16:59:05 +0000  copying file ./Payload/Interfresa.app/www/assets/css/angular-calendar.css ... 
2018-07-05 16:59:05 +0000  8522 bytes for ./Payload/Interfresa.app/www/assets/css/angular-calendar.css
copying file ./Payload/Interfresa.app/www/assets/css/font-awesome.css ... 
2018-07-05 16:59:05 +0000  37414 bytes for ./Payload/Interfresa.app/www/assets/css/font-awesome.css
copying file ./Payload/Interfresa.app/www/assets/css/font-awesome.min.css ... 
2018-07-05 16:59:05 +0000  31000 bytes for ./Payload/Interfresa.app/www/assets/css/font-awesome.min.css
2018-07-05 16:59:05 +0000  copying file ./Payload/Interfresa.app/www/assets/fonts/fontawesome-webfont.woff ... 
2018-07-05 16:59:05 +0000  98024 bytes for ./Payload/Interfresa.app/www/assets/fonts/fontawesome-webfont.woff
copying file ./Payload/Interfresa.app/www/assets/fonts/fontawesome-webfont.woff2 ... 
2018-07-05 16:59:05 +0000  77160 bytes for ./Payload/Interfresa.app/www/assets/fonts/fontawesome-webfont.woff2
copying file ./Payload/Interfresa.app/www/assets/fonts/FontAwesome.otf ... 
2018-07-05 16:59:05 +0000  134808 bytes for ./Payload/Interfresa.app/www/assets/fonts/FontAwesome.otf
copying file ./Payload/Interfresa.app/www/assets/fonts/ionicons.woff ... 
2018-07-05 16:59:05 +0000  80356 bytes for ./Payload/Interfresa.app/www/assets/fonts/ionicons.woff
copying file ./Payload/Interfresa.app/www/assets/fonts/ionicons.woff2 ... 
2018-07-05 16:59:05 +0000  61020 bytes for ./Payload/Interfresa.app/www/assets/fonts/ionicons.woff2
copying file ./Payload/Interfresa.app/www/assets/fonts/roboto-bold.woff ... 
2018-07-05 16:59:05 +0000  13348 bytes for ./Payload/Interfresa.app/www/assets/fonts/roboto-bold.woff
copying file ./Payload/Interfresa.app/www/assets/fonts/roboto-bold.woff2 ... 
2018-07-05 16:59:05 +0000  10212 bytes for ./Payload/Interfresa.app/www/assets/fonts/roboto-bold.woff2
copying file ./Payload/Interfresa.app/www/assets/fonts/roboto-light.woff ... 
2018-07-05 16:59:05 +0000  13360 bytes for ./Payload/Interfresa.app/www/assets/fonts/roboto-light.woff
copying file ./Payload/Interfresa.app/www/assets/fonts/roboto-light.woff2 ... 
2018-07-05 16:59:05 +0000  10220 bytes for ./Payload/Interfresa.app/www/assets/fonts/roboto-light.woff2
copying file ./Payload/Interfresa.app/www/assets/fonts/roboto-medium.woff ... 
2018-07-05 16:59:05 +0000  13248 bytes for ./Payload/Interfresa.app/www/assets/fonts/roboto-medium.woff
copying file ./Payload/Interfresa.app/www/assets/fonts/roboto-medium.woff2 ... 
2018-07-05 16:59:05 +0000  10192 bytes for ./Payload/Interfresa.app/www/assets/fonts/roboto-medium.woff2
copying file ./Payload/Interfresa.app/www/assets/fonts/roboto-regular.woff ... 
2018-07-05 16:59:05 +0000  13308 bytes for ./Payload/Interfresa.app/www/assets/fonts/roboto-regular.woff
copying file ./Payload/Interfresa.app/www/assets/fonts/roboto-regular.woff2 ... 
2018-07-05 16:59:05 +0000  10196 bytes for ./Payload/Interfresa.app/www/assets/fonts/roboto-regular.woff2
2018-07-05 16:59:05 +0000  copying file ./Payload/Interfresa.app/www/assets/icon/favicon.ico ... 
1981 bytes for ./Payload/Interfresa.app/www/assets/icon/favicon.ico
2018-07-05 16:59:05 +0000  copying file ./Payload/Interfresa.app/www/assets/img/interfresa.svg ... 
2018-07-05 16:59:05 +0000  27792 bytes for ./Payload/Interfresa.app/www/assets/img/interfresa.svg
copying file ./Payload/Interfresa.app/www/assets/img/user.jpg ... 
2018-07-05 16:59:05 +0000  32361 bytes for ./Payload/Interfresa.app/www/assets/img/user.jpg
2018-07-05 16:59:05 +0000  copying file ./Payload/Interfresa.app/www/assets/skins/lightgray/content.inline.min.css ... 
2018-07-05 16:59:05 +0000  3165 bytes for ./Payload/Interfresa.app/www/assets/skins/lightgray/content.inline.min.css
copying file ./Payload/Interfresa.app/www/assets/skins/lightgray/content.min.css ... 
2018-07-05 16:59:05 +0000  3571 bytes for ./Payload/Interfresa.app/www/assets/skins/lightgray/content.min.css
copying file ./Payload/Interfresa.app/www/assets/skins/lightgray/fonts/tinymce-small.eot ... 
2018-07-05 16:59:05 +0000  9492 bytes for ./Payload/Interfresa.app/www/assets/skins/lightgray/fonts/tinymce-small.eot
copying file ./Payload/Interfresa.app/www/assets/skins/lightgray/fonts/tinymce-small.svg ... 
2018-07-05 16:59:05 +0000  24727 bytes for ./Payload/Interfresa.app/www/assets/skins/lightgray/fonts/tinymce-small.svg
copying file ./Payload/Interfresa.app/www/assets/skins/lightgray/fonts/tinymce-small.ttf ... 
2018-07-05 16:59:05 +0000  9304 bytes for ./Payload/Interfresa.app/www/assets/skins/lightgray/fonts/tinymce-small.ttf
copying file ./Payload/Interfresa.app/www/assets/skins/lightgray/fonts/tinymce-small.woff ... 
2018-07-05 16:59:05 +0000  9380 bytes for ./Payload/Interfresa.app/www/assets/skins/lightgray/fonts/tinymce-small.woff
copying file ./Payload/Interfresa.app/www/assets/skins/lightgray/fonts/tinymce.eot ... 
2018-07-05 16:59:05 +0000  17572 bytes for ./Payload/Interfresa.app/www/assets/skins/lightgray/fonts/tinymce.eot
copying file ./Payload/Interfresa.app/www/assets/skins/lightgray/fonts/tinymce.svg ... 
2018-07-05 16:59:05 +0000  45991 bytes for ./Payload/Interfresa.app/www/assets/skins/lightgray/fonts/tinymce.svg
copying file ./Payload/Interfresa.app/www/assets/skins/lightgray/fonts/tinymce.ttf ... 
2018-07-05 16:59:05 +0000  17408 bytes for ./Payload/Interfresa.app/www/assets/skins/lightgray/fonts/tinymce.ttf
copying file ./Payload/Interfresa.app/www/assets/skins/lightgray/fonts/tinymce.woff ... 
2018-07-05 16:59:05 +0000  17484 bytes for ./Payload/Interfresa.app/www/assets/skins/lightgray/fonts/tinymce.woff
2018-07-05 16:59:05 +0000  copying file ./Payload/Interfresa.app/www/assets/skins/lightgray/img/anchor.gif ... 
53 bytes for ./Payload/Interfresa.app/www/assets/skins/lightgray/img/anchor.gif
copying file ./Payload/Interfresa.app/www/assets/skins/lightgray/img/loader.gif ... 
2018-07-05 16:59:05 +0000  2608 bytes for ./Payload/Interfresa.app/www/assets/skins/lightgray/img/loader.gif
copying file ./Payload/Interfresa.app/www/assets/skins/lightgray/img/object.gif ... 
2018-07-05 16:59:05 +0000  152 bytes for ./Payload/Interfresa.app/www/assets/skins/lightgray/img/object.gif
copying file ./Payload/Interfresa.app/www/assets/skins/lightgray/img/trans.gif ... 
43 bytes for ./Payload/Interfresa.app/www/assets/skins/lightgray/img/trans.gif
2018-07-05 16:59:05 +0000  copying file ./Payload/Interfresa.app/www/assets/skins/lightgray/skin.min.css ... 
2018-07-05 16:59:05 +0000  40027 bytes for ./Payload/Interfresa.app/www/assets/skins/lightgray/skin.min.css
2018-07-05 16:59:05 +0000  copying file ./Payload/Interfresa.app/www/build/0.js ... 
2018-07-05 16:59:05 +0000  4353 bytes for ./Payload/Interfresa.app/www/build/0.js
copying file ./Payload/Interfresa.app/www/build/0.js.map ... 
1711 bytes for ./Payload/Interfresa.app/www/build/0.js.map
copying file ./Payload/Interfresa.app/www/build/1.js ... 
2018-07-05 16:59:05 +0000  4664 bytes for ./Payload/Interfresa.app/www/build/1.js
copying file ./Payload/Interfresa.app/www/build/1.js.map ... 
2018-07-05 16:59:05 +0000  1922 bytes for ./Payload/Interfresa.app/www/build/1.js.map
copying file ./Payload/Interfresa.app/www/build/main.css ... 
2018-07-05 16:59:05 +0000  508432 bytes for ./Payload/Interfresa.app/www/build/main.css
copying file ./Payload/Interfresa.app/www/build/main.css.map ... 
2018-07-05 16:59:05 +0000  4 bytes for ./Payload/Interfresa.app/www/build/main.css.map
copying file ./Payload/Interfresa.app/www/build/main.js ... 
2018-07-05 16:59:05 +0000  244128 bytes for ./Payload/Interfresa.app/www/build/main.js
copying file ./Payload/Interfresa.app/www/build/main.js.map ... 
2018-07-05 16:59:05 +0000  213308 bytes for ./Payload/Interfresa.app/www/build/main.js.map
copying file ./Payload/Interfresa.app/www/build/polyfills.js ... 
2018-07-05 16:59:05 +0000  90403 bytes for ./Payload/Interfresa.app/www/build/polyfills.js
copying file ./Payload/Interfresa.app/www/build/sw-toolbox.js ... 
2018-07-05 16:59:05 +0000  15793 bytes for ./Payload/Interfresa.app/www/build/sw-toolbox.js
copying file ./Payload/Interfresa.app/www/build/vendor.js ... 
2018-07-05 16:59:05 +0000  6024832 bytes for ./Payload/Interfresa.app/www/build/vendor.js
copying file ./Payload/Interfresa.app/www/build/vendor.js.map ... 
2018-07-05 16:59:05 +0000  7079506 bytes for ./Payload/Interfresa.app/www/build/vendor.js.map
2018-07-05 16:59:05 +0000  copying file ./Payload/Interfresa.app/www/cordova-js-src/exec.js ... 
2018-07-05 16:59:05 +0000  8877 bytes for ./Payload/Interfresa.app/www/cordova-js-src/exec.js
copying file ./Payload/Interfresa.app/www/cordova-js-src/platform.js ... 
2018-07-05 16:59:05 +0000  943 bytes for ./Payload/Interfresa.app/www/cordova-js-src/platform.js
copying file ./Payload/Interfresa.app/www/cordova.js ... 
2018-07-05 16:59:05 +0000  61623 bytes for ./Payload/Interfresa.app/www/cordova.js
copying file ./Payload/Interfresa.app/www/cordova_plugins.js ... 
2018-07-05 16:59:05 +0000  8775 bytes for ./Payload/Interfresa.app/www/cordova_plugins.js
copying file ./Payload/Interfresa.app/www/index.html ... 
2018-07-05 16:59:05 +0000  2230 bytes for ./Payload/Interfresa.app/www/index.html
copying file ./Payload/Interfresa.app/www/manifest.json ... 
2018-07-05 16:59:05 +0000  266 bytes for ./Payload/Interfresa.app/www/manifest.json
2018-07-05 16:59:05 +0000  copying file ./Payload/Interfresa.app/www/plugins/cordova-plugin-app-preferences/www/apppreferences.js ... 
2018-07-05 16:59:05 +0000  11632 bytes for ./Payload/Interfresa.app/www/plugins/cordova-plugin-app-preferences/www/apppreferences.js
2018-07-05 16:59:05 +0000  copying file ./Payload/Interfresa.app/www/plugins/cordova-plugin-camera/www/Camera.js ... 
2018-07-05 16:59:05 +0000  8006 bytes for ./Payload/Interfresa.app/www/plugins/cordova-plugin-camera/www/Camera.js
copying file ./Payload/Interfresa.app/www/plugins/cordova-plugin-camera/www/CameraConstants.js ... 
2018-07-05 16:59:05 +0000  3297 bytes for ./Payload/Interfresa.app/www/plugins/cordova-plugin-camera/www/CameraConstants.js
copying file ./Payload/Interfresa.app/www/plugins/cordova-plugin-camera/www/CameraPopoverOptions.js ... 
2018-07-05 16:59:05 +0000  2297 bytes for ./Payload/Interfresa.app/www/plugins/cordova-plugin-camera/www/CameraPopoverOptions.js
copying file ./Payload/Interfresa.app/www/plugins/cordova-plugin-camera/www/ios/CameraPopoverHandle.js ... 
2018-07-05 16:59:05 +0000  2269 bytes for ./Payload/Interfresa.app/www/plugins/cordova-plugin-camera/www/ios/CameraPopoverHandle.js
2018-07-05 16:59:05 +0000  copying file ./Payload/Interfresa.app/www/plugins/cordova-plugin-device/www/device.js ... 
2018-07-05 16:59:05 +0000  3062 bytes for ./Payload/Interfresa.app/www/plugins/cordova-plugin-device/www/device.js
2018-07-05 16:59:05 +0000  copying file ./Payload/Interfresa.app/www/plugins/cordova-plugin-fcm/www/FCMPlugin.js ... 
2018-07-05 16:59:05 +0000  1639 bytes for ./Payload/Interfresa.app/www/plugins/cordova-plugin-fcm/www/FCMPlugin.js
2018-07-05 16:59:05 +0000  copying file ./Payload/Interfresa.app/www/plugins/cordova-plugin-file/www/browser/isChrome.js ... 
2018-07-05 16:59:05 +0000  1232 bytes for ./Payload/Interfresa.app/www/plugins/cordova-plugin-file/www/browser/isChrome.js
copying file ./Payload/Interfresa.app/www/plugins/cordova-plugin-file/www/DirectoryEntry.js ... 
2018-07-05 16:59:05 +0000  4681 bytes for ./Payload/Interfresa.app/www/plugins/cordova-plugin-file/www/DirectoryEntry.js
copying file ./Payload/Interfresa.app/www/plugins/cordova-plugin-file/www/DirectoryReader.js ... 
2018-07-05 16:59:05 +0000  2724 bytes for ./Payload/Interfresa.app/www/plugins/cordova-plugin-file/www/DirectoryReader.js
copying file ./Payload/Interfresa.app/www/plugins/cordova-plugin-file/www/Entry.js ... 
2018-07-05 16:59:05 +0000  9869 bytes for ./Payload/Interfresa.app/www/plugins/cordova-plugin-file/www/Entry.js
copying file ./Payload/Interfresa.app/www/plugins/cordova-plugin-file/www/File.js ... 
2018-07-05 16:59:05 +0000  2714 bytes for ./Payload/Interfresa.app/www/plugins/cordova-plugin-file/www/File.js
copying file ./Payload/Interfresa.app/www/plugins/cordova-plugin-file/www/FileEntry.js ... 
2018-07-05 16:59:05 +0000  3423 bytes for ./Payload/Interfresa.app/www/plugins/cordova-plugin-file/www/FileEntry.js
copying file ./Payload/Interfresa.app/www/plugins/cordova-plugin-file/www/FileError.js ... 
2018-07-05 16:59:05 +0000  1483 bytes for ./Payload/Interfresa.app/www/plugins/cordova-plugin-file/www/FileError.js
copying file ./Payload/Interfresa.app/www/plugins/cordova-plugin-file/www/FileReader.js ... 
2018-07-05 16:59:05 +0000  10523 bytes for ./Payload/Interfresa.app/www/plugins/cordova-plugin-file/www/FileReader.js
copying file ./Payload/Interfresa.app/www/plugins/cordova-plugin-file/www/FileSystem.js ... 
2018-07-05 16:59:05 +0000  1960 bytes for ./Payload/Interfresa.app/www/plugins/cordova-plugin-file/www/FileSystem.js
copying file ./Payload/Interfresa.app/www/plugins/cordova-plugin-file/www/fileSystemPaths.js ... 
2018-07-05 16:59:05 +0000  2548 bytes for ./Payload/Interfresa.app/www/plugins/cordova-plugin-file/www/fileSystemPaths.js
copying file ./Payload/Interfresa.app/www/plugins/cordova-plugin-file/www/fileSystems-roots.js ... 
2018-07-05 16:59:05 +0000  1598 bytes for ./Payload/Interfresa.app/www/plugins/cordova-plugin-file/www/fileSystems-roots.js
copying file ./Payload/Interfresa.app/www/plugins/cordova-plugin-file/www/fileSystems.js ... 
2018-07-05 16:59:05 +0000  1047 bytes for ./Payload/Interfresa.app/www/plugins/cordova-plugin-file/www/fileSystems.js
copying file ./Payload/Interfresa.app/www/plugins/cordova-plugin-file/www/FileUploadOptions.js ... 
2018-07-05 16:59:05 +0000  1831 bytes for ./Payload/Interfresa.app/www/plugins/cordova-plugin-file/www/FileUploadOptions.js
copying file ./Payload/Interfresa.app/www/plugins/cordova-plugin-file/www/FileUploadResult.js ... 
2018-07-05 16:59:05 +0000  1111 bytes for ./Payload/Interfresa.app/www/plugins/cordova-plugin-file/www/FileUploadResult.js
copying file ./Payload/Interfresa.app/www/plugins/cordova-plugin-file/www/FileWriter.js ... 
2018-07-05 16:59:05 +0000  10544 bytes for ./Payload/Interfresa.app/www/plugins/cordova-plugin-file/www/FileWriter.js
copying file ./Payload/Interfresa.app/www/plugins/cordova-plugin-file/www/Flags.js ... 
2018-07-05 16:59:05 +0000  1336 bytes for ./Payload/Interfresa.app/www/plugins/cordova-plugin-file/www/Flags.js
2018-07-05 16:59:05 +0000  copying file ./Payload/Interfresa.app/www/plugins/cordova-plugin-file/www/ios/FileSystem.js ... 
2018-07-05 16:59:05 +0000  1222 bytes for ./Payload/Interfresa.app/www/plugins/cordova-plugin-file/www/ios/FileSystem.js
copying file ./Payload/Interfresa.app/www/plugins/cordova-plugin-file/www/LocalFileSystem.js ... 
2018-07-05 16:59:05 +0000  957 bytes for ./Payload/Interfresa.app/www/plugins/cordova-plugin-file/www/LocalFileSystem.js
copying file ./Payload/Interfresa.app/www/plugins/cordova-plugin-file/www/Metadata.js ... 
2018-07-05 16:59:05 +0000  1488 bytes for ./Payload/Interfresa.app/www/plugins/cordova-plugin-file/www/Metadata.js
copying file ./Payload/Interfresa.app/www/plugins/cordova-plugin-file/www/ProgressEvent.js ... 
2018-07-05 16:59:05 +0000  2544 bytes for ./Payload/Interfresa.app/www/plugins/cordova-plugin-file/www/ProgressEvent.js
copying file ./Payload/Interfresa.app/www/plugins/cordova-plugin-file/www/requestFileSystem.js ... 
2018-07-05 16:59:05 +0000  3244 bytes for ./Payload/Interfresa.app/www/plugins/cordova-plugin-file/www/requestFileSystem.js
copying file ./Payload/Interfresa.app/www/plugins/cordova-plugin-file/www/resolveLocalFileSystemURI.js ... 
2018-07-05 16:59:05 +0000  4325 bytes for ./Payload/Interfresa.app/www/plugins/cordova-plugin-file/www/resolveLocalFileSystemURI.js
2018-07-05 16:59:05 +0000  copying file ./Payload/Interfresa.app/www/plugins/cordova-plugin-file-transfer/www/FileTransfer.js ... 
2018-07-05 16:59:05 +0000  8568 bytes for ./Payload/Interfresa.app/www/plugins/cordova-plugin-file-transfer/www/FileTransfer.js
copying file ./Payload/Interfresa.app/www/plugins/cordova-plugin-file-transfer/www/FileTransferError.js ... 
2018-07-05 16:59:05 +0000  1488 bytes for ./Payload/Interfresa.app/www/plugins/cordova-plugin-file-transfer/www/FileTransferError.js
2018-07-05 16:59:05 +0000  copying file ./Payload/Interfresa.app/www/plugins/cordova-plugin-splashscreen/www/splashscreen.js ... 
2018-07-05 16:59:05 +0000  1173 bytes for ./Payload/Interfresa.app/www/plugins/cordova-plugin-splashscreen/www/splashscreen.js
2018-07-05 16:59:05 +0000  copying file ./Payload/Interfresa.app/www/plugins/cordova-plugin-statusbar/www/statusbar.js ... 
2018-07-05 16:59:05 +0000  3376 bytes for ./Payload/Interfresa.app/www/plugins/cordova-plugin-statusbar/www/statusbar.js
2018-07-05 16:59:05 +0000  copying file ./Payload/Interfresa.app/www/plugins/ionic-plugin-keyboard/www/ios/keyboard.js ... 
1108 bytes for ./Payload/Interfresa.app/www/plugins/ionic-plugin-keyboard/www/ios/keyboard.js
2018-07-05 16:59:05 +0000  copying file ./Payload/Interfresa.app/www/service-worker.js ... 
740 bytes for ./Payload/Interfresa.app/www/service-worker.js
2018-07-05 16:59:05 +0000  copying file ./Payload/Interfresa.app/www/task/AppPreferences.js ... 
2438 bytes for ./Payload/Interfresa.app/www/task/AppPreferences.js
2018-07-05 16:59:05 +0000 [MT] /usr/bin/ditto exited with 0
2018-07-05 16:59:05 +0000 [MT] Processing step: IDEDistributionCreateManifestStep
